Incorrect username and password for user (Eeeee)
Incorrect username and password for user (Eeeee)
Incorrect username and password for user (ew)
Incorrect username and password for user (ds)
Incorrect username and password for user (Henry)
Incorrect username and password for user (d)
Incorrect username and password for user (ajew)
Incorrect username and password for user (ajew)
Incorrect username and password for user (pleb)
Incorrect username and password for user (e)
Incorrect username and password for user (ajew)
Incorrect username and password for user (haHA)
Incorrect username and password for user (haHA)
Incorrect username and password for user (haHA)
Incorrect username and password for user ()
Incorrect username and password for user ('')
Incorrect username and password for user (haHA)
Incorrect username and password for user ()
Incorrect username and password for user ("''')
Incorrect username and password for user (haHA)
Incorrect username and password for user (asdf)
Incorrect username and password for user (asdf)
